Looking for git in: git
Using git 2.27.0 from git
> git rev-parse --show-toplevel
> git rev-parse --git-dir
Open repository: /home/kugo/dotfiles
> git status -z -u
> git symbolic-ref --short HEAD
> git rev-parse master
> git rev-parse --symbolic-full-name master@{u}
> git rev-list --left-right master...refs/remotes/origin/master
> git for-each-ref --sort -committerdate --format %(refname) %(objectname)
> git remote --verbose
> git config --get commit.template
> git show --textconv :README.adoc
> git ls-files --stage -- /home/kugo/dotfiles/README.adoc
> git cat-file -s 185d5f62677e0e92bfadac2f012f2bf35c0162f1
> git check-ignore -v -z --stdin
> git show --textconv :.config/awesome/LICENSE
> git ls-files --stage -- /home/kugo/dotfiles/.config/awesome/LICENSE
> git cat-file -s 332e9d8cdf95122c52004612c3656cef81d32092
> git check-ignore -v -z --stdin
> git show --textconv :README.adoc
> git ls-files --stage -- /home/kugo/dotfiles/README.adoc
> git cat-file -s 185d5f62677e0e92bfadac2f012f2bf35c0162f1
> git show --textconv :README.adoc
> git ls-files --stage -- /home/kugo/dotfiles/README.adoc
> git cat-file -s 185d5f62677e0e92bfadac2f012f2bf35c0162f1
> git show --textconv :README.adoc
> git ls-files --stage -- /home/kugo/dotfiles/README.adoc
> git cat-file -s 185d5f62677e0e92bfadac2f012f2bf35c0162f1
