[2020-07-12 19:22:46.077] [sharedprocess] [info] main {"machineId":"85878265b6af92fccd68518ce78ef568e26f92e64bb3c16ddec20804089ef75e","windowId":2}
[2020-07-12 19:22:55.232] [sharedprocess] [info] Uninstalling extension: asciidoctor.asciidoctor-vscode
[2020-07-12 19:22:55.262] [sharedprocess] [info] Successfully uninstalled extension: asciidoctor.asciidoctor-vscode
[2020-07-12 19:23:26.092] [sharedprocess] [info] Starting to clean up unused language packs.
[2020-07-12 19:23:41.025] [sharedprocess] [info] Installing extension: harg.iceberg
[2020-07-12 19:23:41.673] [sharedprocess] [info] Downloaded extension: harg.iceberg /home/kugo/.config/Code/CachedExtensionVSIXs/harg.iceberg-1.2.0
[2020-07-12 19:23:41.798] [sharedprocess] [info] Extracted extension to /home/kugo/.vscode/extensions/.harg.iceberg-1.2.0: harg.iceberg
[2020-07-12 19:23:41.798] [sharedprocess] [info] Renamed to /home/kugo/.vscode/extensions/harg.iceberg-1.2.0
[2020-07-12 19:23:41.799] [sharedprocess] [info] Installation completed. harg.iceberg
[2020-07-12 19:23:41.817] [sharedprocess] [info] Extensions installed successfully: harg.iceberg
[2020-07-12 19:23:58.159] [sharedprocess] [info] Installing extension: ms-ceintl.vscode-language-pack-ja
[2020-07-12 19:23:58.574] [sharedprocess] [info] Downloaded extension: ms-ceintl.vscode-language-pack-ja /home/kugo/.config/Code/CachedExtensionVSIXs/ms-ceintl.vscode-language-pack-ja-1.47.3
[2020-07-12 19:23:58.740] [sharedprocess] [info] Extracted extension to /home/kugo/.vscode/extensions/.ms-ceintl.vscode-language-pack-ja-1.47.3: ms-ceintl.vscode-language-pack-ja
[2020-07-12 19:23:58.740] [sharedprocess] [info] Renamed to /home/kugo/.vscode/extensions/ms-ceintl.vscode-language-pack-ja-1.47.3
[2020-07-12 19:23:58.741] [sharedprocess] [info] Installation completed. ms-ceintl.vscode-language-pack-ja
[2020-07-12 19:23:58.786] [sharedprocess] [info] Extensions installed successfully: ms-ceintl.vscode-language-pack-ja
[2020-07-12 19:24:05.520] [sharedprocess] [info] main {"machineId":"85878265b6af92fccd68518ce78ef568e26f92e64bb3c16ddec20804089ef75e","windowId":2}
[2020-07-12 19:24:05.732] [sharedprocess] [info] Deleted from disk asciidoctor.asciidoctor-vscode /home/kugo/.vscode/extensions/asciidoctor.asciidoctor-vscode-2.8.1
[2020-07-12 19:24:45.531] [sharedprocess] [info] Starting to clean up unused language packs.
[2020-07-12 19:24:45.532] [sharedprocess] [info] Skipping directory 1f57a2922c7d2d60f5164f4c9f5982ed.ja. Language pack still in use.
[2020-07-12 19:25:37.433] [sharedprocess] [info] Installing extension: vscodevim.vim
[2020-07-12 19:25:38.205] [sharedprocess] [info] Downloaded extension: vscodevim.vim /home/kugo/.config/Code/CachedExtensionVSIXs/vscodevim.vim-1.14.5
[2020-07-12 19:25:38.264] [sharedprocess] [info] Extracted extension to /home/kugo/.vscode/extensions/.vscodevim.vim-1.14.5: vscodevim.vim
[2020-07-12 19:25:38.264] [sharedprocess] [info] Renamed to /home/kugo/.vscode/extensions/vscodevim.vim-1.14.5
[2020-07-12 19:25:38.266] [sharedprocess] [info] Installation completed. vscodevim.vim
[2020-07-12 19:25:38.365] [sharedprocess] [info] Extensions installed successfully: vscodevim.vim
